JvmtiExport can_access_local_variables 0
JvmtiExport can_hotswap_or_post_breakpoint 0
JvmtiExport can_post_on_exceptions 0
# 282 ciObject found
ciMethod java/lang/Object <init> ()V 4097 1 96030 0 0
ciMethod java/lang/Object toString ()Ljava/lang/String; 89 1 11 0 -1
ciMethod java/lang/String <init> ([CII)V 4097 1 5960 0 -1
ciMethod java/lang/String <init> ([CZ)V 2105 1 7578 0 0
ciMethod java/lang/String length ()I 4097 1 50068 0 0
ciMethod java/lang/String charAt (I)C 4097 1 230821 0 128
ciMethod java/lang/String codePointAt (I)I 1 1 1053 0 -1
ciMethod java/lang/String getChars (II[CI)V 3081 1 5521 0 -1
ciMethod java/lang/String equalsIgnoreCase (Ljava/lang/String;)Z 2065 1 5459 0 1568
ciMethod java/lang/String regionMatches (ZILjava/lang/String;II)Z 1929 401 5452 0 1920
ciMethod java/lang/String startsWith (Ljava/lang/String;I)Z 2105 1353 5576 0 224
ciMethod java/lang/String startsWith (Ljava/lang/String;)Z 2129 1 22421 0 0
ciMethod java/lang/String endsWith (Ljava/lang/String;)Z 2153 1 12609 0 -1
ciMethod java/lang/String indexOf (I)I 4097 1 16874 0 -1
ciMethod java/lang/String indexOf (II)I 1641 90113 1150 0 384
ciMethod java/lang/String indexOfSupplementary (II)I 0 0 1 0 -1
ciMethod java/lang/String lastIndexOf (I)I 2049 1 9871 0 -1
ciMethod java/lang/String lastIndexOf (II)I 825 65641 838 0 -1
ciMethod java/lang/String lastIndexOfSupplementary (II)I 0 0 1 0 -1
ciMethod java/lang/String indexOf (Ljava/lang/String;)I 3081 1 7352 0 -1
ciMethod java/lang/String indexOf (Ljava/lang/String;I)I 2097 1 11486 0 -1
ciMethod java/lang/String substring (I)Ljava/lang/String; 1497 1 2165 0 0
ciMethod java/lang/String substring (II)Ljava/lang/String; 2329 1 5670 0 960
ciMethod java/lang/String replace (CC)Ljava/lang/String; 1025 65657 901 0 1120
ciMethod java/lang/String toLowerCase (Ljava/util/Locale;)Ljava/lang/String; 1025 16377 982 0 0
ciMethod java/lang/String toLowerCase ()Ljava/lang/String; 2081 1 613 0 0
ciMethod java/lang/String trim ()Ljava/lang/String; 2081 1 511 0 -1
ciMethod java/lang/String valueOf (Ljava/lang/Object;)Ljava/lang/String; 569 1 595 0 -1
ciMethod java/lang/Class forName (Ljava/lang/String;)Ljava/lang/Class; 1233 1 61 1 -1
ciMethod java/lang/Class newInstance ()Ljava/lang/Object; 985 1 98 0 -1
ciMethod java/lang/ClassLoader loadClass (Ljava/lang/String;)Ljava/lang/Class; 2049 1 1924 2 -1
ciMethod java/lang/ClassLoader getSystemClassLoader ()Ljava/lang/ClassLoader; 561 1 63 0 -1
ciMethod java/lang/System getSecurityManager ()Ljava/lang/SecurityManager; 2073 1 7527 0 -1
ciMethod java/lang/System arraycopy (Ljava/lang/Object;ILjava/lang/Object;II)V 8193 1 1024 0 -1
ciMethod java/lang/Throwable <init> (Ljava/lang/String;)V 817 1 100 0 -1
ciMethod java/lang/Throwable <init> (Ljava/lang/String;Ljava/lang/Throwable;)V 2049 1 1532 0 -1
ciMethod java/lang/Throwable getMessage ()Ljava/lang/String; 0 0 1 0 -1
ciMethod java/lang/Throwable initCause (Ljava/lang/Throwable;)Ljava/lang/Throwable; 25 1 2 0 0
ciMethod java/lang/Throwable fillInStackTrace ()Ljava/lang/Throwable; 2049 1 1643 0 -1
ciMethod java/lang/Exception <init> (Ljava/lang/String;)V 753 1 93 0 -1
ciMethod java/lang/Exception <init> (Ljava/lang/String;Ljava/lang/Throwable;)V 2049 1 1532 0 -1
ciMethod java/lang/RuntimeException <init> (Ljava/lang/String;Ljava/lang/Throwable;)V 81 1 10 0 -1
ciMethod java/util/Hashtable get (Ljava/lang/Object;)Ljava/lang/Object; 2049 681 661 0 -1
ciMethod java/util/Hashtable put (Ljava/lang/Object;Ljava/lang/Object;)Ljava/lang/Object; 1897 745 237 0 -1
ciMethod java/lang/AbstractStringBuilder <init> (I)V 921 1 15128 0 -1
ciMethod java/lang/AbstractStringBuilder ensureCapacityInternal (I)V 3273 1 43491 0 -1
ciMethod java/lang/AbstractStringBuilder expandCapacity (I)V 1137 1 2991 0 -1
ciMethod java/lang/AbstractStringBuilder append (Ljava/lang/String;)Ljava/lang/AbstractStringBuilder; 1561 1 5507 0 -1
ciMethod java/lang/AbstractStringBuilder appendNull ()Ljava/lang/AbstractStringBuilder; 0 0 1 0 -1
ciMethod java/lang/StringBuilder <init> ()V 913 1 9937 0 192
ciMethod java/lang/StringBuilder append (Ljava/lang/Object;)Ljava/lang/StringBuilder; 569 1 580 0 -1
ciMethod java/lang/StringBuilder append (Ljava/lang/String;)Ljava/lang/StringBuilder; 1561 1 25500 0 896
ciMethod java/lang/StringBuilder append (I)Ljava/lang/StringBuilder; 1 1 291 0 -1
ciMethod java/lang/StringBuilder toString ()Ljava/lang/String; 913 1 13625 0 0
ciMethod java/net/URL <init> (Ljava/lang/String;)V 841 1 105 4 -1
ciMethod java/net/URL <init> (Ljava/net/URL;Ljava/lang/String;Ljava/net/URLStreamHandler;)V 3329 7273 4512 0 -1
ciMethod java/net/URL isValidProtocol (Ljava/lang/String;)Z 41 121 101 0 0
ciMethod java/net/URL checkSpecifyHandler (Ljava/lang/SecurityManager;)V 0 0 1 0 -1
ciMethod java/net/URL getQuery ()Ljava/lang/String; 1033 1 129 0 -1
ciMethod java/net/URL getPath ()Ljava/lang/String; 1033 1 129 0 -1
ciMethod java/net/URL getUserInfo ()Ljava/lang/String; 1025 1 128 0 -1
ciMethod java/net/URL getAuthority ()Ljava/lang/String; 1025 1 128 0 -1
ciMethod java/net/URL getPort ()I 1025 1 128 0 -1
ciMethod java/net/URL getProtocol ()Ljava/lang/String; 1057 1 132 0 -1
ciMethod java/net/URL getHost ()Ljava/lang/String; 1057 1 132 0 -1
ciMethod java/net/URL getFile ()Ljava/lang/String; 1033 1 129 0 0
ciMethod java/net/URL getRef ()Ljava/lang/String; 1073 1 134 0 -1
ciMethod java/net/URL getURLStreamHandler (Ljava/lang/String;)Ljava/net/URLStreamHandler; 529 9 162 0 0
ciMethod java/lang/Character isValidCodePoint (I)Z 0 0 1 0 -1
ciMethod java/lang/Character charCount (I)I 17 1 2041 0 -1
ciMethod java/lang/Character highSurrogate (I)C 0 0 1 0 -1
ciMethod java/lang/Character lowSurrogate (I)C 0 0 1 0 -1
ciMethod java/lang/Character toChars (I[CI)I 0 0 1 0 -1
ciMethod java/lang/Character toChars (I)[C 0 0 1 0 -1
ciMethod java/lang/Character isLetter (C)Z 809 1 101 0 -1
ciMethod java/lang/Character isLetterOrDigit (C)Z 2089 1 303 0 -1
ciMethod java/lang/Character toLowerCase (C)C 2809 1 10409 0 160
ciMethod java/lang/Character toLowerCase (I)I 4097 1 19241 0 0
ciMethod java/lang/Character toUpperCase (C)C 3825 1 8457 0 0
ciMethod java/lang/Character toUpperCase (I)I 3825 1 8458 0 0
ciMethod java/lang/Integer parseInt (Ljava/lang/String;)I 33 1 12 0 -1
ciMethod java/lang/NullPointerException <init> (Ljava/lang/String;)V 0 0 1 0 -1
ciMethod java/security/AccessController doPrivileged (Ljava/security/PrivilegedAction;)Ljava/lang/Object; 2049 1 256 0 -1
ciMethod java/lang/Math min (II)I 4097 1 30154 0 -1
ciMethod java/util/Objects toString (Ljava/lang/Object;Ljava/lang/String;)Ljava/lang/String; 881 1 110 0 -1
ciMethod sun/security/action/GetPropertyAction <init> (Ljava/lang/String;Ljava/lang/String;)V 97 1 12 0 -1
ciMethodData java/lang/Object <init> ()V 2 96065 orig 264 168 161 198 116 0 0 0 0 104 4 149 20 0 0 0 0 32 1 0 0 0 0 0 0 0 0 0 0 0 0 0 0 0 0 0 0 0 0 0 0 0 0 0 0 0 0 0 0 0 0 0 0 0 0 0 0 0 0 0 0 0 0 0 0 0 0 0 0 0 0 0 0 0 0 0 0 0 0 0 0 77 68 79 32 101 120 116 114 97 32 100 97 116 97 32 108 111 99 107 0 0 0 0 0 0 0 0 0 0 0 0 0 0 0 0 0 0 0 0 0 0 0 0 0 0 0 0 0 0 0 0 0 0 0 0 0 0 0 0 0 0 0 0 0 0 0 0 0 0 0 0 0 0 0 0 0 0 0 0 0 0 0 0 0 0 0 0 0 0 0 0 0 0 0 0 0 0 0 0 0 0 0 0 0 1 0 0 0 0 0 0 0 1 0 0 0 0 0 0 0 1 0 0 0 0 0 0 0 0 0 0 0 0 0 0 0 0 2 0 0 9 170 11 0 1 0 0 0 0 0 0 0 0 0 0 0 2 0 0 0 0 0 3 0 1 0 0 0 0 0 0 0 255 255 255 255 0 0 0 0 0 0 0 0 data 0 oops 0
ciMethod java/lang/IllegalArgumentException <init> (Ljava/lang/String;Ljava/lang/Throwable;)V 0 0 1 0 -1
ciMethod java/net/URLStreamHandlerFactory createURLStreamHandler (Ljava/lang/String;)Ljava/net/URLStreamHandler; 0 0 1 0 -1
ciMethod java/util/StringTokenizer <init> (Ljava/lang/String;Ljava/lang/String;)V 25 1 3 0 -1
ciMethod java/util/StringTokenizer hasMoreTokens ()Z 2553 1 319 0 -1
ciMethod java/util/StringTokenizer nextToken ()Ljava/lang/String; 2561 1 320 0 -1
ciMethod java/util/Locale getDefault ()Ljava/util/Locale; 2081 1 686 0 0
ciMethod java/util/Locale getLanguage ()Ljava/lang/String; 249 1 759 0 -1
ciMethodData java/lang/String charAt (I)C 2 230850 orig 264 168 161 198 116 0 0 0 0 240 59 149 20 0 0 0 0 120 1 0 0 32 0 0 0 0 0 0 0 0 0 0 0 0 0 0 0 0 0 0 0 0 0 0 0 0 0 0 0 0 0 0 0 0 0 0 0 0 0 0 0 0 0 0 0 0 0 0 0 0 0 0 0 0 0 0 0 0 0 0 0 77 68 79 32 101 120 116 114 97 32 100 97 116 97 32 108 111 99 107 0 0 0 0 0 0 0 0 0 0 0 0 0 0 0 0 0 0 0 0 0 0 0 0 0 0 0 0 0 0 0 0 0 0 0 0 0 0 0 0 0 0 0 0 0 0 0 0 0 0 0 0 0 0 0 0 0 0 0 0 0 0 0 0 0 0 0 0 0 0 0 0 0 0 0 0 0 0 0 0 0 0 0 0 0 25 0 0 0 0 0 0 0 0 0 0 0 0 0 0 0 1 0 0 0 0 0 0 0 0 0 0 0 0 0 0 0 0 2 0 0 17 30 28 0 1 0 0 0 0 0 0 0 0 0 0 0 2 0 0 0 0 0 0 0 0 0 0 0 80 0 0 0 255 255 255 255 7 0 1 0 0 0 0 0 data 10 0x10007 0x0 0x40 0x383c9 0xa0007 0x383cd 0x30 0x0 0x120002 0x0 oops 0
ciMethod java/lang/CharacterData toLowerCase (I)I 0 0 1 0 -1
ciMethod java/lang/CharacterData toUpperCase (I)I 0 0 1 0 -1
ciMethod java/lang/CharacterData of (I)Ljava/lang/CharacterData; 4097 1 5737 0 96
ciMethod java/lang/CharacterDataLatin1 getProperties (I)I 4097 1 24529 0 0
ciMethod java/lang/CharacterDataLatin1 toLowerCase (I)I 4097 1 5803 0 160
ciMethod java/lang/CharacterDataLatin1 toUpperCase (I)I 3825 1 5602 0 160
ciMethodData java/lang/Character toLowerCase (I)I 2 19241 orig 264 168 161 198 116 0 0 0 0 136 76 158 20 0 0 0 0 136 1 0 0 0 0 0 0 0 0 0 0 0 0 0 0 0 0 0 0 0 0 0 0 0 0 0 0 0 0 0 0 0 0 0 0 0 0 0 0 0 0 0 0 0 0 0 0 0 0 0 0 0 0 0 0 0 0 0 0 0 0 0 0 77 68 79 32 101 120 116 114 97 32 100 97 116 97 32 108 111 99 107 0 0 0 0 0 0 0 0 0 0 0 0 0 0 0 0 0 0 0 0 0 0 0 0 0 0 0 0 0 0 0 0 0 0 0 0 0 0 0 0 0 0 0 0 0 0 0 0 0 0 0 0 0 0 0 0 0 0 0 0 0 0 0 0 0 0 0 0 0 0 0 0 0 0 0 0 0 0 0 0 0 0 0 0 0 0 0 0 0 0 0 0 0 0 0 0 0 0 0 0 0 0 0 0 0 0 0 0 0 0 0 0 0 0 0 0 0 0 2 0 0 73 73 2 0 1 0 0 0 0 0 0 0 0 0 0 0 2 0 0 0 0 0 3 0 2 0 0 0 64 0 0 0 255 255 255 255 2 0 1 0 0 0 0 0 data 8 0x10002 0x4929 0x50005 0x0 0x176fc640 0x4929 0x0 0x0 oops 1